<?xml version="1.0" encoding="UTF-8"?>
<!-- Generated by org.testng.reporters.JUnitReportReporter -->
<testsuite hostname="DESKTOP-G58LQO8" failures="0" tests="1" name="BestBuyAPIs.BestBuyAPIs.TestGet" time="7.178" errors="0" timestamp="2021-11-06T04:03:50 EET" skipped="0">
  <testcase classname="BestBuyAPIs.BestBuyAPIs.TestGet" name="tes01" time="7.178"/>
  <system-out/>
</testsuite> <!-- BestBuyAPIs.BestBuyAPIs.TestGet -->
