<?xml version="1.0" encoding="UTF-8"?>
<!-- Generated by org.testng.reporters.JUnitReportReporter -->
<testsuite hostname="DESKTOP-G58LQO8" failures="0" tests="4" name="BestBuyAPIs.BestBuyAPIs.TS_Common" time="6.820" errors="0" timestamp="2021-11-07T03:36:23 EET" skipped="0">
  <testcase classname="BestBuyAPIs.BestBuyAPIs.TS_Common" name="TC_GET_version_request" time="6.173"/>
  <system-out/>
  <testcase classname="BestBuyAPIs.BestBuyAPIs.TS_Common" name="TC_Post_version_not_exist" time="0.148"/>
  <system-out/>
  <testcase classname="BestBuyAPIs.BestBuyAPIs.TS_Common" name="TC_Post_healthCheck__not_exist" time="0.061"/>
  <system-out/>
  <testcase classname="BestBuyAPIs.BestBuyAPIs.TS_Common" name="TC_GET_healthCheck_request" time="0.438"/>
  <system-out/>
</testsuite> <!-- BestBuyAPIs.BestBuyAPIs.TS_Common -->
