<?xml version="1.0" encoding="UTF-8"?>
<!-- Generated by org.testng.reporters.JUnitReportReporter -->
<testsuite hostname="DESKTOP-G58LQO8" failures="0" tests="14" name="BestBuyAPIs.BestBuyAPIs.TS_Services" time="9.275" errors="0" timestamp="2021-11-07T03:27:25 EET" skipped="0">
  <testcase classname="BestBuyAPIs.BestBuyAPIs.TS_Services" name="TC_GET_status_code" time="4.426"/>
  <system-out/>
  <testcase classname="BestBuyAPIs.BestBuyAPIs.TS_Services" name="TC_GET_response_size" time="2.012"/>
  <system-out/>
  <testcase classname="BestBuyAPIs.BestBuyAPIs.TS_Services" name="TC_GET_LIMIT_check_status_code_and_lenght" time="0.236"/>
  <system-out/>
  <testcase classname="BestBuyAPIs.BestBuyAPIs.TS_Services" name="TC_GET_LIMIT_bad_request" time="0.058"/>
  <system-out/>
  <testcase classname="BestBuyAPIs.BestBuyAPIs.TS_Services" name="TC_GET_SKIP_status_code_and_lenght" time="0.075"/>
  <system-out/>
  <testcase classname="BestBuyAPIs.BestBuyAPIs.TS_Services" name="TC_GET_SKIP_bad_request" time="0.065"/>
  <system-out/>
  <testcase classname="BestBuyAPIs.BestBuyAPIs.TS_Services" name="TC_GET_request_with_Valid_Param" time="0.041"/>
  <system-out/>
  <testcase classname="BestBuyAPIs.BestBuyAPIs.TS_Services" name="TC_GET_request_with_Not_exist_id" time="0.064"/>
  <system-out/>
  <testcase classname="BestBuyAPIs.BestBuyAPIs.TS_Services" name="TC_Post_valid_request" time="1.172"/>
  <system-out/>
  <testcase classname="BestBuyAPIs.BestBuyAPIs.TS_Services" name="TC_Post_request_with_no_body" time="0.043"/>
  <system-out/>
  <testcase classname="BestBuyAPIs.BestBuyAPIs.TS_Services" name="TC_Delete_valid_request" time="0.314"/>
  <system-out/>
  <testcase classname="BestBuyAPIs.BestBuyAPIs.TS_Services" name="TC_Delete_request_with_not_exist_id" time="0.050"/>
  <system-out/>
  <testcase classname="BestBuyAPIs.BestBuyAPIs.TS_Services" name="TC_Patch_valid_request" time="0.690"/>
  <system-out/>
  <testcase classname="BestBuyAPIs.BestBuyAPIs.TS_Services" name="TC_Patch_request_with_not_exist_ID" time="0.029"/>
  <system-out/>
</testsuite> <!-- BestBuyAPIs.BestBuyAPIs.TS_Services -->
