<?xml version="1.0" encoding="UTF-8"?>
<!-- Generated by org.testng.reporters.JUnitReportReporter -->
<testsuite hostname="DESKTOP-G58LQO8" failures="0" tests="44" name="BestBuyAPIs.BestBuyAPIs.TS_Stores" time="18.238" errors="0" timestamp="2021-11-07T03:41:08 EET" skipped="0">
  <testcase classname="BestBuyAPIs.BestBuyAPIs.TS_Stores" name="TC_GET_status_code" time="4.756"/>
  <system-out/>
  <testcase classname="BestBuyAPIs.BestBuyAPIs.TS_Stores" name="TC_GET_response_size" time="2.910"/>
  <system-out/>
  <testcase classname="BestBuyAPIs.BestBuyAPIs.TS_Stores" name="TC_GET_LIMIT_check_status_code_and_lenght" time="1.077"/>
  <system-out/>
  <testcase classname="BestBuyAPIs.BestBuyAPIs.TS_Stores" name="TC_GET_LIMIT_bad_request" time="0.086"/>
  <system-out/>
  <testcase classname="BestBuyAPIs.BestBuyAPIs.TS_Stores" name="TC_GET_SKIP_status_code_and_lenght" time="0.105"/>
  <system-out/>
  <testcase classname="BestBuyAPIs.BestBuyAPIs.TS_Stores" name="TC_GET_SKIP_bad_request" time="0.094"/>
  <system-out/>
  <testcase classname="BestBuyAPIs.BestBuyAPIs.TS_Stores" name="TC_GET_request_with_Valid_Param" time="0.067"/>
  <system-out/>
  <testcase classname="BestBuyAPIs.BestBuyAPIs.TS_Stores" name="TC_GET_request_with_Valid_Param" time="0.233"/>
  <system-out/>
  <testcase classname="BestBuyAPIs.BestBuyAPIs.TS_Stores" name="TC_GET_request_with_Valid_Param" time="0.054"/>
  <system-out/>
  <testcase classname="BestBuyAPIs.BestBuyAPIs.TS_Stores" name="TC_GET_request_with_Valid_Param" time="0.037"/>
  <system-out/>
  <testcase classname="BestBuyAPIs.BestBuyAPIs.TS_Stores" name="TC_GET_request_with_Valid_Param" time="0.044"/>
  <system-out/>
  <testcase classname="BestBuyAPIs.BestBuyAPIs.TS_Stores" name="TC_GET_request_with_Valid_Param" time="0.034"/>
  <system-out/>
  <testcase classname="BestBuyAPIs.BestBuyAPIs.TS_Stores" name="TC_GET_request_with_Valid_Param" time="0.060"/>
  <system-out/>
  <testcase classname="BestBuyAPIs.BestBuyAPIs.TS_Stores" name="TC_GET_request_with_Valid_Param" time="0.170"/>
  <system-out/>
  <testcase classname="BestBuyAPIs.BestBuyAPIs.TS_Stores" name="TC_GET_request_with_Valid_Param" time="0.088"/>
  <system-out/>
  <testcase classname="BestBuyAPIs.BestBuyAPIs.TS_Stores" name="TC_GET_request_with_Valid_Param" time="0.036"/>
  <system-out/>
  <testcase classname="BestBuyAPIs.BestBuyAPIs.TS_Stores" name="TC_GET_request_with_Valid_Param" time="0.039"/>
  <system-out/>
  <testcase classname="BestBuyAPIs.BestBuyAPIs.TS_Stores" name="TC_GET_request_with_Not_exist_id" time="0.039"/>
  <system-out/>
  <testcase classname="BestBuyAPIs.BestBuyAPIs.TS_Stores" name="TC_Post_valid_request" time="1.156"/>
  <system-out/>
  <testcase classname="BestBuyAPIs.BestBuyAPIs.TS_Stores" name="TC_Post_request_with_no_Name" time="0.038"/>
  <system-out/>
  <testcase classname="BestBuyAPIs.BestBuyAPIs.TS_Stores" name="TC_Post_request_with_no_type" time="0.360"/>
  <system-out/>
  <testcase classname="BestBuyAPIs.BestBuyAPIs.TS_Stores" name="TC_Post_request_with_no_address1" time="0.028"/>
  <system-out/>
  <testcase classname="BestBuyAPIs.BestBuyAPIs.TS_Stores" name="TC_Post_request_with_no_address2" time="0.301"/>
  <system-out/>
  <testcase classname="BestBuyAPIs.BestBuyAPIs.TS_Stores" name="TC_Post_request_with_no_city" time="0.028"/>
  <system-out/>
  <testcase classname="BestBuyAPIs.BestBuyAPIs.TS_Stores" name="TC_Post_request_with_no_state" time="0.029"/>
  <system-out/>
  <testcase classname="BestBuyAPIs.BestBuyAPIs.TS_Stores" name="TC_Post_request_with_no_zip" time="0.031"/>
  <system-out/>
  <testcase classname="BestBuyAPIs.BestBuyAPIs.TS_Stores" name="TC_Post_request_with_no_lat" time="0.339"/>
  <system-out/>
  <testcase classname="BestBuyAPIs.BestBuyAPIs.TS_Stores" name="TC_Post_request_with_no_lng" time="0.275"/>
  <system-out/>
  <testcase classname="BestBuyAPIs.BestBuyAPIs.TS_Stores" name="TC_Post_request_with_no_hours" time="0.286"/>
  <system-out/>
  <testcase classname="BestBuyAPIs.BestBuyAPIs.TS_Stores" name="TC_Post_request_with_no_body" time="0.030"/>
  <system-out/>
  <testcase classname="BestBuyAPIs.BestBuyAPIs.TS_Stores" name="TC_Delete_valid_request" time="0.289"/>
  <system-out/>
  <testcase classname="BestBuyAPIs.BestBuyAPIs.TS_Stores" name="TC_Delete_request_with_not_exist_id" time="0.019"/>
  <system-out/>
  <testcase classname="BestBuyAPIs.BestBuyAPIs.TS_Stores" name="TC_Patch_valid_request" time="0.534"/>
  <system-out/>
  <testcase classname="BestBuyAPIs.BestBuyAPIs.TS_Stores" name="TC_Patch_request_with_Name" time="0.443"/>
  <system-out/>
  <testcase classname="BestBuyAPIs.BestBuyAPIs.TS_Stores" name="TC_Patch_request_with_Type" time="0.520"/>
  <system-out/>
  <testcase classname="BestBuyAPIs.BestBuyAPIs.TS_Stores" name="TC_Patch_request_with_Address" time="0.484"/>
  <system-out/>
  <testcase classname="BestBuyAPIs.BestBuyAPIs.TS_Stores" name="TC_Patch_request_with_Address2" time="0.454"/>
  <system-out/>
  <testcase classname="BestBuyAPIs.BestBuyAPIs.TS_Stores" name="TC_Patch_request_with_City" time="0.431"/>
  <system-out/>
  <testcase classname="BestBuyAPIs.BestBuyAPIs.TS_Stores" name="TC_Patch_request_with_State" time="0.443"/>
  <system-out/>
  <testcase classname="BestBuyAPIs.BestBuyAPIs.TS_Stores" name="TC_Patch_request_with_Zip" time="0.466"/>
  <system-out/>
  <testcase classname="BestBuyAPIs.BestBuyAPIs.TS_Stores" name="TC_Patch_request_with_lat" time="0.444"/>
  <system-out/>
  <testcase classname="BestBuyAPIs.BestBuyAPIs.TS_Stores" name="TC_Patch_request_with_lng" time="0.431"/>
  <system-out/>
  <testcase classname="BestBuyAPIs.BestBuyAPIs.TS_Stores" name="TC_Patch_request_with_hours" time="0.420"/>
  <system-out/>
  <testcase classname="BestBuyAPIs.BestBuyAPIs.TS_Stores" name="TC_Patch_request_with_not_exist_ID" time="0.030"/>
  <system-out/>
</testsuite> <!-- BestBuyAPIs.BestBuyAPIs.TS_Stores -->
