<?xml version="1.0" encoding="UTF-8"?>
<!-- Generated by org.testng.reporters.JUnitReportReporter -->
<testsuite hostname="DESKTOP-G58LQO8" failures="0" tests="18" name="BestBuyAPIs.BestBuyAPIs.TS_Categories" time="10.942" errors="0" timestamp="2021-11-07T03:33:03 EET" skipped="0">
  <testcase classname="BestBuyAPIs.BestBuyAPIs.TS_Categories" name="TC_GET_status_code" time="4.448"/>
  <system-out/>
  <testcase classname="BestBuyAPIs.BestBuyAPIs.TS_Categories" name="TC_GET_response_size" time="2.040"/>
  <system-out/>
  <testcase classname="BestBuyAPIs.BestBuyAPIs.TS_Categories" name="TC_GET_LIMIT_check_status_code_and_lenght" time="0.435"/>
  <system-out/>
  <testcase classname="BestBuyAPIs.BestBuyAPIs.TS_Categories" name="TC_GET_LIMIT_bad_request" time="0.176"/>
  <system-out/>
  <testcase classname="BestBuyAPIs.BestBuyAPIs.TS_Categories" name="TC_GET_SKIP_status_code_and_lenght" time="0.220"/>
  <system-out/>
  <testcase classname="BestBuyAPIs.BestBuyAPIs.TS_Categories" name="TC_GET_SKIP_bad_request" time="0.160"/>
  <system-out/>
  <testcase classname="BestBuyAPIs.BestBuyAPIs.TS_Categories" name="TC_GET_request_with_Valid_Param" time="0.038"/>
  <system-out/>
  <testcase classname="BestBuyAPIs.BestBuyAPIs.TS_Categories" name="TC_GET_request_with_Not_exist_id" time="0.058"/>
  <system-out/>
  <testcase classname="BestBuyAPIs.BestBuyAPIs.TS_Categories" name="TC_Post_valid_request" time="0.924"/>
  <system-out/>
  <testcase classname="BestBuyAPIs.BestBuyAPIs.TS_Categories" name="TC_Post_request_with_no_ID" time="0.063"/>
  <system-out/>
  <testcase classname="BestBuyAPIs.BestBuyAPIs.TS_Categories" name="TC_Post_request_with_no_Name" time="0.080"/>
  <system-out/>
  <testcase classname="BestBuyAPIs.BestBuyAPIs.TS_Categories" name="TC_Post_request_with_no_body" time="0.029"/>
  <system-out/>
  <testcase classname="BestBuyAPIs.BestBuyAPIs.TS_Categories" name="TC_Delete_valid_request" time="0.402"/>
  <system-out/>
  <testcase classname="BestBuyAPIs.BestBuyAPIs.TS_Categories" name="TC_Delete_request_with_not_exist_id" time="0.023"/>
  <system-out/>
  <testcase classname="BestBuyAPIs.BestBuyAPIs.TS_Categories" name="TC_Patch_valid_request" time="0.684"/>
  <system-out/>
  <testcase classname="BestBuyAPIs.BestBuyAPIs.TS_Categories" name="TC_Patch_request_with_ID" time="0.562"/>
  <system-out/>
  <testcase classname="BestBuyAPIs.BestBuyAPIs.TS_Categories" name="TC_Patch_request_with_Name" time="0.576"/>
  <system-out/>
  <testcase classname="BestBuyAPIs.BestBuyAPIs.TS_Categories" name="TC_Patch_request_with_not_exist_ID" time="0.024"/>
  <system-out/>
</testsuite> <!-- BestBuyAPIs.BestBuyAPIs.TS_Categories -->
