<?xml version="1.0" encoding="UTF-8"?>
<!-- Generated by org.testng.reporters.JUnitReportReporter -->
<testsuite hostname="DESKTOP-G58LQO8" failures="0" tests="42" name="BestBuyAPIs.BestBuyAPIs.TS_Products" time="22.778" errors="0" timestamp="2021-11-07T03:22:53 EET" skipped="0">
  <testcase classname="BestBuyAPIs.BestBuyAPIs.TS_Products" name="TC_GET_status_code" time="4.975"/>
  <system-out/>
  <testcase classname="BestBuyAPIs.BestBuyAPIs.TS_Products" name="TC_GET_response_size" time="2.970"/>
  <system-out/>
  <testcase classname="BestBuyAPIs.BestBuyAPIs.TS_Products" name="TC_GET_LIMIT_check_status_code_and_lenght" time="1.261"/>
  <system-out/>
  <testcase classname="BestBuyAPIs.BestBuyAPIs.TS_Products" name="TC_GET_LIMIT_bad_request" time="0.444"/>
  <system-out/>
  <testcase classname="BestBuyAPIs.BestBuyAPIs.TS_Products" name="TC_GET_SKIP_status_code_and_lenght" time="0.631"/>
  <system-out/>
  <testcase classname="BestBuyAPIs.BestBuyAPIs.TS_Products" name="TC_GET_SKIP_bad_request" time="0.463"/>
  <system-out/>
  <testcase classname="BestBuyAPIs.BestBuyAPIs.TS_Products" name="TC_GET_request_with_Valid_Param" time="0.515"/>
  <system-out/>
  <testcase classname="BestBuyAPIs.BestBuyAPIs.TS_Products" name="TC_GET_request_with_Valid_Param" time="0.154"/>
  <system-out/>
  <testcase classname="BestBuyAPIs.BestBuyAPIs.TS_Products" name="TC_GET_request_with_Valid_Param" time="0.143"/>
  <system-out/>
  <testcase classname="BestBuyAPIs.BestBuyAPIs.TS_Products" name="TC_GET_request_with_Valid_Param" time="0.144"/>
  <system-out/>
  <testcase classname="BestBuyAPIs.BestBuyAPIs.TS_Products" name="TC_GET_request_with_Valid_Param" time="0.403"/>
  <system-out/>
  <testcase classname="BestBuyAPIs.BestBuyAPIs.TS_Products" name="TC_GET_request_with_Valid_Param" time="0.244"/>
  <system-out/>
  <testcase classname="BestBuyAPIs.BestBuyAPIs.TS_Products" name="TC_GET_request_with_Valid_Param" time="0.081"/>
  <system-out/>
  <testcase classname="BestBuyAPIs.BestBuyAPIs.TS_Products" name="TC_GET_request_with_Valid_Param" time="0.203"/>
  <system-out/>
  <testcase classname="BestBuyAPIs.BestBuyAPIs.TS_Products" name="TC_GET_request_with_Valid_Param" time="0.178"/>
  <system-out/>
  <testcase classname="BestBuyAPIs.BestBuyAPIs.TS_Products" name="TC_GET_request_with_Not_exist_id" time="0.062"/>
  <system-out/>
  <testcase classname="BestBuyAPIs.BestBuyAPIs.TS_Products" name="TC_Post_valid_request" time="1.300"/>
  <system-out/>
  <testcase classname="BestBuyAPIs.BestBuyAPIs.TS_Products" name="TC_Post_request_with_no_Name" time="0.031"/>
  <system-out/>
  <testcase classname="BestBuyAPIs.BestBuyAPIs.TS_Products" name="TC_Post_request_with_no_type" time="0.029"/>
  <system-out/>
  <testcase classname="BestBuyAPIs.BestBuyAPIs.TS_Products" name="TC_Post_request_with_no_upc" time="0.039"/>
  <system-out/>
  <testcase classname="BestBuyAPIs.BestBuyAPIs.TS_Products" name="TC_Post_request_with_no_description" time="0.035"/>
  <system-out/>
  <testcase classname="BestBuyAPIs.BestBuyAPIs.TS_Products" name="TC_Post_request_with_no_model" time="0.032"/>
  <system-out/>
  <testcase classname="BestBuyAPIs.BestBuyAPIs.TS_Products" name="TC_Post_request_with_no_Price" time="0.563"/>
  <system-out/>
  <testcase classname="BestBuyAPIs.BestBuyAPIs.TS_Products" name="TC_Post_request_with_no_shipping" time="0.554"/>
  <system-out/>
  <testcase classname="BestBuyAPIs.BestBuyAPIs.TS_Products" name="TC_Post_request_with_no_Manufacturer" time="0.551"/>
  <system-out/>
  <testcase classname="BestBuyAPIs.BestBuyAPIs.TS_Products" name="TC_Post_request_with_no_URL" time="0.520"/>
  <system-out/>
  <testcase classname="BestBuyAPIs.BestBuyAPIs.TS_Products" name="TC_Post_request_with_no_Image" time="0.565"/>
  <system-out/>
  <testcase classname="BestBuyAPIs.BestBuyAPIs.TS_Products" name="TC_Post_request_with_no_body" time="0.025"/>
  <system-out/>
  <testcase classname="BestBuyAPIs.BestBuyAPIs.TS_Products" name="TC_Delete_valid_request" time="0.537"/>
  <system-out/>
  <testcase classname="BestBuyAPIs.BestBuyAPIs.TS_Products" name="TC_Delete_request_with_not_exist_id" time="0.020"/>
  <system-out/>
  <testcase classname="BestBuyAPIs.BestBuyAPIs.TS_Products" name="TC_Patch_valid_request" time="0.509"/>
  <system-out/>
  <testcase classname="BestBuyAPIs.BestBuyAPIs.TS_Products" name="TC_Patch_request_with_Name" time="0.454"/>
  <system-out/>
  <testcase classname="BestBuyAPIs.BestBuyAPIs.TS_Products" name="TC_Patch_request_with_Type" time="0.442"/>
  <system-out/>
  <testcase classname="BestBuyAPIs.BestBuyAPIs.TS_Products" name="TC_Patch_request_with_Price" time="0.443"/>
  <system-out/>
  <testcase classname="BestBuyAPIs.BestBuyAPIs.TS_Products" name="TC_Patch_request_with_Shipping" time="0.431"/>
  <system-out/>
  <testcase classname="BestBuyAPIs.BestBuyAPIs.TS_Products" name="TC_Patch_request_with_UPC" time="0.453"/>
  <system-out/>
  <testcase classname="BestBuyAPIs.BestBuyAPIs.TS_Products" name="TC_Patch_request_with_Description" time="0.453"/>
  <system-out/>
  <testcase classname="BestBuyAPIs.BestBuyAPIs.TS_Products" name="TC_Patch_request_with_Manufacturer" time="0.497"/>
  <system-out/>
  <testcase classname="BestBuyAPIs.BestBuyAPIs.TS_Products" name="TC_Patch_request_with_Model" time="0.477"/>
  <system-out/>
  <testcase classname="BestBuyAPIs.BestBuyAPIs.TS_Products" name="TC_Patch_request_with_URL" time="0.466"/>
  <system-out/>
  <testcase classname="BestBuyAPIs.BestBuyAPIs.TS_Products" name="TC_Patch_request_with_Image" time="0.454"/>
  <system-out/>
  <testcase classname="BestBuyAPIs.BestBuyAPIs.TS_Products" name="TC_Patch_request_with_not_exist_ID" time="0.027"/>
  <system-out/>
</testsuite> <!-- BestBuyAPIs.BestBuyAPIs.TS_Products -->
