<?xml version="1.0" encoding="UTF-8"?>
<!-- Generated by org.testng.reporters.JUnitReportReporter -->
<testsuite skipped="0" hostname="CAI1-L13459" name="tests.LoginTest" tests="17" failures="0" timestamp="07 Nov 2021 21:47:44 GMT" time="105.547" errors="0">
  <testcase name="LoginWithinvalidPassword" time="5.014" classname="tests.LoginTest"/>
  <testcase name="LoginWithinvalidPassword" time="4.532" classname="tests.LoginTest"/>
  <testcase name="LoginWithinvalidPassword" time="5.375" classname="tests.LoginTest"/>
  <testcase name="LoginWithinvalidPassword" time="3.353" classname="tests.LoginTest"/>
  <testcase name="LoginWithinvalidPassword" time="4.303" classname="tests.LoginTest"/>
  <testcase name="LoginWithinvalidPassword" time="7.219" classname="tests.LoginTest"/>
  <testcase name="LoginWithinvalidPassword" time="3.328" classname="tests.LoginTest"/>
  <testcase name="LoginWithinvalidPassword" time="3.092" classname="tests.LoginTest"/>
  <testcase name="LoginWithinvalidPassword" time="9.331" classname="tests.LoginTest"/>
  <testcase name="LoginWithinvalidPassword" time="2.610" classname="tests.LoginTest"/>
  <testcase name="LoginWithinvalidPassword" time="15.403" classname="tests.LoginTest"/>
  <testcase name="LoginWithinvalidPassword" time="3.851" classname="tests.LoginTest"/>
  <testcase name="LoginWithinvalidPassword" time="3.985" classname="tests.LoginTest"/>
  <testcase name="LoginWithinvalidPassword" time="4.318" classname="tests.LoginTest"/>
  <testcase name="LoginWithinvalidPassword" time="2.425" classname="tests.LoginTest"/>
  <testcase name="LoginWithValidData" time="13.491" classname="tests.LoginTest"/>
  <testcase name="LoginWithValidData" time="13.917" classname="tests.LoginTest"/>
</testsuite> <!-- tests.LoginTest -->
