<?xml version="1.0" encoding="UTF-8"?>
<!-- Generated by org.testng.reporters.JUnitReportReporter -->
<testsuite skipped="1" hostname="CAI1-L13459" name="tests.RegistrationTest" tests="12" failures="0" timestamp="07 Nov 2021 21:48:37 GMT" time="30.505" errors="0">
  <testcase name="registerWithValidData" time="9.321" classname="tests.RegistrationTest"/>
  <testcase name="registrWithIncompleteData" time="1.777" classname="tests.RegistrationTest"/>
  <testcase name="registrWithIncompleteData" time="1.851" classname="tests.RegistrationTest"/>
  <testcase name="registrWithIncompleteData" time="1.980" classname="tests.RegistrationTest"/>
  <testcase name="registrWithIncompleteData" time="2.106" classname="tests.RegistrationTest"/>
  <testcase name="registrWithIncompleteData" time="1.967" classname="tests.RegistrationTest"/>
  <testcase name="registrWithIncompleteData" time="1.725" classname="tests.RegistrationTest"/>
  <testcase name="registrWithIncompleteData" time="3.884" classname="tests.RegistrationTest"/>
  <testcase name="registrWithIncompleteData" time="2.024" classname="tests.RegistrationTest"/>
  <testcase name="registrWithIncompleteData" time="1.877" classname="tests.RegistrationTest"/>
  <testcase name="registrWithIncompleteData" time="1.993" classname="tests.RegistrationTest"/>
  <testcase name="registrWithInvalidData" classname="tests.RegistrationTest">
    <skipped/>
  </testcase> <!-- registrWithInvalidData -->
</testsuite> <!-- tests.RegistrationTest -->
